#
# A fatal error has been detected by the Java Runtime Environment:
#
#  SIGSEGV (0xb) at pc=0x000000010c0b5f49, pid=25731, tid=0x0000000000004403
#
# JRE version: Java(TM) SE Runtime Environment (8.0_112-b16) (build 1.8.0_112-b16)
# Java VM: Java HotSpot(TM) 64-Bit Server VM (25.112-b16 mixed mode bsd-amd64 compressed oops)
# Problematic frame:
# V  [libjvm.dylib+0x4b5f49]  PlaceholderTable::get_entry(int, unsigned int, Symbol*, ClassLoaderData*)+0x11
#
# Failed to write core dump. Core dumps have been disabled. To enable core dumping, try "ulimit -c unlimited" before starting Java again
#
# If you would like to submit a bug report, please visit:
#   http://bugreport.java.com/bugreport/crash.jsp
#

---------------  T H R E A D  ---------------

Current thread (0x00007f9a24821000):  JavaThread "Signal Dispatcher" daemon [_thread_in_vm, id=17411, stack(0x0000700000bbb000,0x0000700000cbb000)]

siginfo: si_signo: 11 (SIGSEGV), si_code: 0 (unknown), si_addr: 0x0000000000000000

Registers:
RAX=0xff000000ff000000, RBX=0x00007f9a24821000, RCX=0x000000011fec6050, RDX=0x000000007f1f91ac
RSP=0x0000700000cb9d20, RBP=0x0000700000cb9d20, RSI=0x0000000000000245, RDI=0x00007f9a22c2af10
R8 =0x00007f9a22d08e60, R9 =0x0000000000000000, R10=0x000000010c501840, R11=0x000000010cd23be0
R12=0x000000011fec6050, R13=0x0000000000000011, R14=0x00007f9a22d13560, R15=0x00007f9a22d01690
RIP=0x000000010c0b5f49, EFLAGS=0x0000000000010286, ERR=0x0000000000000000
  TRAPNO=0x000000000000000d

Top of Stack: (sp=0x0000700000cb9d20)
0x0000700000cb9d20:   0000700000cb9e00 000000010c13b72e
0x0000700000cb9d30:   00007f9a24821000 0000000000000000
0x0000700000cb9d40:   0000000000000000 0000000000000000
0x0000700000cb9d50:   0000000000000000 0000024500000245
0x0000700000cb9d60:   7f1f91ac7f1f91ac 0000000000000000
0x0000700000cb9d70:   00007f9a22d08e60 000000011fec6050
0x0000700000cb9d80:   0000000000000000 0000000000000000
0x0000700000cb9d90:   0000000000000000 0000000000000000
0x0000700000cb9da0:   0000000000000000 00007f9a24821000
0x0000700000cb9db0:   00007f9a22d13560 0000000000000000
0x0000700000cb9dc0:   0000000000000000 00000d157267319e
0x0000700000cb9dd0:   00006407f6fdb738 00007f9a24821000
0x0000700000cb9de0:   000000011fec6050 0000000000000011
0x0000700000cb9df0:   0000000000000000 0000000000000000
0x0000700000cb9e00:   0000700000cb9e60 000000010c13c3d2
0x0000700000cb9e10:   0000000000000000 0000000000000000
0x0000700000cb9e20:   0000000000000000 0000000000000000
0x0000700000cb9e30:   0000000000000000 00007f9a24821000
0x0000700000cb9e40:   0000000000000000 000000011fec6050
0x0000700000cb9e50:   0000000000000001 0000000000000000
0x0000700000cb9e60:   0000700000cb9ea0 000000010c13ca85
0x0000700000cb9e70:   0000700000cb9ea0 000000011f7c2ee0
0x0000700000cb9e80:   0000700000cba600 000000011fec6050
0x0000700000cb9e90:   00007f9a24821000 000000011f7c2e01
0x0000700000cb9ea0:   0000700000cba630 000000010bde2b7e
0x0000700000cb9eb0:   0000700000cba640 00007f9a24821000
0x0000700000cb9ec0:   0000000000000024 0000000000000000
0x0000700000cb9ed0:   0000000000000000 0000000000000000
0x0000700000cb9ee0:   0000000000000000 0000000000000000
0x0000700000cb9ef0:   0000000000000000 0000000000000000
0x0000700000cb9f00:   0000000000000000 0000000000000000
0x0000700000cb9f10:   0000000000000000 0000000000000000 

Instructions: (pc=0x000000010c0b5f49)
0x000000010c0b5f29:   45 3b 3e 7c c7 5b 41 5c 41 5e 41 5f 5d c3 90 55
0x000000010c0b5f39:   48 89 e5 48 8b 47 08 48 63 f6 48 8b 04 f0 eb 18
0x000000010c0b5f49:   39 10 75 0c 48 39 48 10 75 06 4c 39 40 18 74 0f
0x000000010c0b5f59:   48 8b 40 08 48 83 e0 fe 48 85 c0 75 e3 31 c0 5d 

Register to memory mapping:

RAX=0xff000000ff000000 is an unknown value
RBX=0x00007f9a24821000 is a thread
RCX=0x000000011fec6050 is an unknown value
RDX=0x000000007f1f91ac is an unknown value
RSP=0x0000700000cb9d20 is pointing into the stack for thread: 0x00007f9a24821000
RBP=0x0000700000cb9d20 is pointing into the stack for thread: 0x00007f9a24821000
RSI=0x0000000000000245 is an unknown value
RDI=0x00007f9a22c2af10 is an unknown value
R8 =0x00007f9a22d08e60 is an unknown value
R9 =0x0000000000000000 is an unknown value
R10=0x000000010c501840: _ZN19TemplateInterpreter13_active_tableE+0x4800 in /Library/Java/JavaVirtualMachines/jdk1.8.0_112.jdk/Contents/Home/jre/lib/server/libjvm.dylib at 0x000000010bc00000
R11=0x000000010cd23be0 is at entry_point+32 in (nmethod*)0x000000010cd23a10
R12=0x000000011fec6050 is an unknown value
R13=0x0000000000000011 is an unknown value
R14=0x00007f9a22d13560 is an unknown value
R15=0x00007f9a22d01690 is an unknown value


Stack: [0x0000700000bbb000,0x0000700000cbb000],  sp=0x0000700000cb9d20,  free space=1019k
Native frames: (J=compiled Java code, j=interpreted, Vv=VM code, C=native code)
V  [libjvm.dylib+0x4b5f49]  PlaceholderTable::get_entry(int, unsigned int, Symbol*, ClassLoaderData*)+0x11
V  [libjvm.dylib+0x53b72e]  SystemDictionary::resolve_instance_class_or_null(Symbol*, Handle, Handle, Thread*)+0x234
V  [libjvm.dylib+0x53c3d2]  SystemDictionary::resolve_or_null(Symbol*, Handle, Handle, Thread*)+0x106
V  [libjvm.dylib+0x53ca85]  SystemDictionary::resolve_or_fail(Symbol*, Handle, Handle, bool, Thread*)+0x31
V  [libjvm.dylib+0x1e2b7e]  ConstantPool::klass_at_impl(constantPoolHandle, int, Thread*)+0x2ee
V  [libjvm.dylib+0x1f2f8e]  ConstantPool::klass_at(int, Thread*)+0x92
V  [libjvm.dylib+0x2e95f3]  InterpreterRuntime::_new(JavaThread*, ConstantPool*, int)+0x2d
j  sun.misc.Signal.dispatch(I)V+25
v  ~StubRoutines::call_stub
V  [libjvm.dylib+0x2edbd2]  JavaCalls::call_helper(JavaValue*, methodHandle*, JavaCallArguments*, Thread*)+0x6ae
V  [libjvm.dylib+0x2eddcd]  JavaCalls::call_static(JavaValue*, KlassHandle, Symbol*, Symbol*, JavaCallArguments*, Thread*)+0x115
V  [libjvm.dylib+0x485911]  signal_thread_entry(JavaThread*, Thread*)+0x367
V  [libjvm.dylib+0x56b033]  JavaThread::thread_main_inner()+0x9b
V  [libjvm.dylib+0x56c720]  JavaThread::run()+0x1c2
V  [libjvm.dylib+0x48a7ae]  java_start(Thread*)+0xf6
C  [libsystem_pthread.dylib+0x399d]  _pthread_body+0x83
C  [libsystem_pthread.dylib+0x391a]  _pthread_body+0x0
C  [libsystem_pthread.dylib+0x1351]  thread_start+0xd
C  0x0000000000000000

Java frames: (J=compiled Java code, j=interpreted, Vv=VM code)
j  sun.misc.Signal.dispatch(I)V+25
v  ~StubRoutines::call_stub

---------------  P R O C E S S  ---------------

Java Threads: ( => current thread )
  0x00007f9a23507000 JavaThread "elasticsearch[Anomaloco][refresh][T#2]" daemon [_thread_blocked, id=47367, stack(0x0000700003639000,0x0000700003739000)]
  0x00007f9a23290000 JavaThread "elasticsearch[Anomaloco][flush][T#1]" daemon [_thread_blocked, id=49159, stack(0x000070000312a000,0x000070000322a000)]
  0x00007f9a26d40800 JavaThread "elasticsearch[Anomaloco][management][T#3]" daemon [_thread_blocked, id=37639, stack(0x0000700003027000,0x0000700003127000)]
  0x00007f9a26d31800 JavaThread "elasticsearch[Anomaloco][search][T#7]" daemon [_thread_blocked, id=36615, stack(0x0000700002f24000,0x0000700003024000)]
  0x00007f9a2350f800 JavaThread "elasticsearch[Anomaloco][search][T#6]" daemon [_thread_blocked, id=35335, stack(0x0000700002e21000,0x0000700002f21000)]
  0x00007f9a271d7000 JavaThread "elasticsearch[Anomaloco][search][T#5]" daemon [_thread_blocked, id=34311, stack(0x0000700002d1e000,0x0000700002e1e000)]
  0x00007f9a270b8800 JavaThread "elasticsearch[Anomaloco][search][T#4]" daemon [_thread_blocked, id=33543, stack(0x0000700002c1b000,0x0000700002d1b000)]
  0x00007f9a279dd000 JavaThread "elasticsearch[Anomaloco][search][T#3]" daemon [_thread_blocked, id=36871, stack(0x0000700002b18000,0x0000700002c18000)]
  0x00007f9a26d16800 JavaThread "elasticsearch[Anomaloco][search][T#2]" daemon [_thread_blocked, id=35847, stack(0x0000700002a15000,0x0000700002b15000)]
  0x00007f9a26c00800 JavaThread "elasticsearch[Anomaloco][search][T#1]" daemon [_thread_blocked, id=33799, stack(0x0000700002912000,0x0000700002a12000)]
  0x00007f9a2782b800 JavaThread "elasticsearch[Anomaloco][management][T#2]" daemon [_thread_blocked, id=39431, stack(0x0000700003536000,0x0000700003636000)]
  0x00007f9a23325000 JavaThread "elasticsearch[Anomaloco][warmer][T#2]" daemon [_thread_blocked, id=49667, stack(0x0000700004b78000,0x0000700004c78000)]
  0x00007f9a270c0000 JavaThread "elasticsearch[Anomaloco][fetch_shard_started][T#3]" daemon [_thread_blocked, id=46083, stack(0x0000700004463000,0x0000700004563000)]
  0x00007f9a240c3000 JavaThread "DestroyJavaVM" [_thread_blocked, id=2827, stack(0x000070000011a000,0x000070000021a000)]
  0x00007f9a270bf800 JavaThread "elasticsearch[keepAlive/2.4.3]" [_thread_blocked, id=44547, stack(0x000070000415a000,0x000070000425a000)]
  0x00007f9a2423a800 JavaThread "elasticsearch[Anomaloco][http_server_boss][T#1]{New I/O server boss #27}" daemon [_thread_in_native, id=44035, stack(0x0000700004057000,0x0000700004157000)]
  0x00007f9a23571800 JavaThread "elasticsearch[Anomaloco][http_server_worker][T#8]{New I/O worker #26}" daemon [_thread_in_native, id=43523, stack(0x0000700003f54000,0x0000700004054000)]
  0x00007f9a23176000 JavaThread "elasticsearch[Anomaloco][http_server_worker][T#7]{New I/O worker #25}" daemon [_thread_in_native, id=43011, stack(0x0000700003e51000,0x0000700003f51000)]
  0x00007f9a24000000 JavaThread "elasticsearch[Anomaloco][http_server_worker][T#6]{New I/O worker #24}" daemon [_thread_in_native, id=42499, stack(0x0000700003d4e000,0x0000700003e4e000)]
  0x00007f9a24998000 JavaThread "elasticsearch[Anomaloco][http_server_worker][T#5]{New I/O worker #23}" daemon [_thread_in_native, id=41987, stack(0x0000700003c4b000,0x0000700003d4b000)]
  0x00007f9a23801000 JavaThread "elasticsearch[Anomaloco][http_server_worker][T#4]{New I/O worker #22}" daemon [_thread_in_native, id=41475, stack(0x0000700003b48000,0x0000700003c48000)]
  0x00007f9a26733000 JavaThread "elasticsearch[Anomaloco][http_server_worker][T#3]{New I/O worker #21}" daemon [_thread_in_native, id=40963, stack(0x0000700003a45000,0x0000700003b45000)]
  0x00007f9a27ff7800 JavaThread "elasticsearch[Anomaloco][http_server_worker][T#2]{New I/O worker #20}" daemon [_thread_in_native, id=40451, stack(0x0000700003942000,0x0000700003a42000)]
  0x00007f9a248c4000 JavaThread "elasticsearch[Anomaloco][http_server_worker][T#1]{New I/O worker #19}" daemon [_thread_in_native, id=14087, stack(0x000070000383f000,0x000070000393f000)]
  0x00007f9a26d18800 JavaThread "elasticsearch[Anomaloco][management][T#1]" daemon [_thread_blocked, id=3851, stack(0x000070000373c000,0x000070000383c000)]
  0x00007f9a23608800 JavaThread "elasticsearch[Anomaloco][transport_client_timer][T#1]{Hashed wheel timer #1}" daemon [_thread_blocked, id=37891, stack(0x000070000322d000,0x000070000332d000)]
  0x00007f9a2423a000 JavaThread "elasticsearch[Anomaloco][generic][T#1]" daemon [_thread_blocked, id=32771, stack(0x000070000280f000,0x000070000290f000)]
  0x00007f9a2350f000 JavaThread "elasticsearch[Anomaloco][clusterService#updateTask][T#1]" daemon [_thread_blocked, id=32259, stack(0x000070000270c000,0x000070000280c000)]
  0x00007f9a2342a000 JavaThread "elasticsearch[Anomaloco][[http_server_boss.default]][T#1]{New I/O server boss #18}" daemon [_thread_in_native, id=31747, stack(0x0000700002609000,0x0000700002709000)]
  0x00007f9a2676a800 JavaThread "elasticsearch[Anomaloco][[http_server_worker.default]][T#8]{New I/O worker #17}" daemon [_thread_in_native, id=31235, stack(0x0000700002506000,0x0000700002606000)]
  0x00007f9a24be5800 JavaThread "elasticsearch[Anomaloco][[http_server_worker.default]][T#7]{New I/O worker #16}" daemon [_thread_in_native, id=30723, stack(0x0000700002403000,0x0000700002503000)]
  0x00007f9a24bea800 JavaThread "elasticsearch[Anomaloco][[http_server_worker.default]][T#6]{New I/O worker #15}" daemon [_thread_in_native, id=30211, stack(0x0000700002300000,0x0000700002400000)]
  0x00007f9a23429800 JavaThread "elasticsearch[Anomaloco][[http_server_worker.default]][T#5]{New I/O worker #14}" daemon [_thread_in_native, id=29699, stack(0x00007000021fd000,0x00007000022fd000)]
  0x00007f9a23a89000 JavaThread "elasticsearch[Anomaloco][[http_server_worker.default]][T#4]{New I/O worker #13}" daemon [_thread_in_native, id=29187, stack(0x00007000020fa000,0x00007000021fa000)]
  0x00007f9a26d93800 JavaThread "elasticsearch[Anomaloco][[http_server_worker.default]][T#3]{New I/O worker #12}" daemon [_thread_in_native, id=28675, stack(0x0000700001ff7000,0x00007000020f7000)]
  0x00007f9a26d92800 JavaThread "elasticsearch[Anomaloco][[http_server_worker.default]][T#2]{New I/O worker #11}" daemon [_thread_in_native, id=28163, stack(0x0000700001ef4000,0x0000700001ff4000)]
  0x00007f9a25930800 JavaThread "elasticsearch[Anomaloco][[http_server_worker.default]][T#1]{New I/O worker #10}" daemon [_thread_in_native, id=27651, stack(0x0000700001df1000,0x0000700001ef1000)]
  0x00007f9a23ce5800 JavaThread "elasticsearch[Anomaloco][transport_client_boss][T#1]{New I/O boss #9}" daemon [_thread_in_native, id=27139, stack(0x0000700001cee000,0x0000700001dee000)]
  0x00007f9a24d14800 JavaThread "elasticsearch[Anomaloco][transport_client_worker][T#8]{New I/O worker #8}" daemon [_thread_in_native, id=26627, stack(0x0000700001beb000,0x0000700001ceb000)]
  0x00007f9a23ff7000 JavaThread "elasticsearch[Anomaloco][transport_client_worker][T#7]{New I/O worker #7}" daemon [_thread_in_native, id=26115, stack(0x0000700001ae8000,0x0000700001be8000)]
  0x00007f9a24236800 JavaThread "elasticsearch[Anomaloco][transport_client_worker][T#6]{New I/O worker #6}" daemon [_thread_in_native, id=25603, stack(0x00007000019e5000,0x0000700001ae5000)]
  0x00007f9a236d8800 JavaThread "elasticsearch[Anomaloco][transport_client_worker][T#5]{New I/O worker #5}" daemon [_thread_in_native, id=25091, stack(0x00007000018e2000,0x00007000019e2000)]
  0x00007f9a243af800 JavaThread "elasticsearch[Anomaloco][transport_client_worker][T#4]{New I/O worker #4}" daemon [_thread_in_native, id=24579, stack(0x00007000017df000,0x00007000018df000)]
  0x00007f9a24d13800 JavaThread "elasticsearch[Anomaloco][transport_client_worker][T#3]{New I/O worker #3}" daemon [_thread_in_native, id=24067, stack(0x00007000016dc000,0x00007000017dc000)]
  0x00007f9a236d8000 JavaThread "elasticsearch[Anomaloco][transport_client_worker][T#2]{New I/O worker #2}" daemon [_thread_in_native, id=23555, stack(0x00007000015d9000,0x00007000016d9000)]
  0x00007f9a24cf2000 JavaThread "elasticsearch[Anomaloco][transport_client_worker][T#1]{New I/O worker #1}" daemon [_thread_in_native, id=23043, stack(0x00007000014d6000,0x00007000015d6000)]
  0x00007f9a25b40000 JavaThread "elasticsearch[Anomaloco][[ttl_expire]]" daemon [_thread_blocked, id=22531, stack(0x00007000013d3000,0x00007000014d3000)]
  0x00007f9a243ae000 JavaThread "elasticsearch[Anomaloco][scheduler][T#1]" daemon [_thread_blocked, id=22019, stack(0x00007000012d0000,0x00007000013d0000)]
  0x00007f9a24b6d000 JavaThread "elasticsearch[Anomaloco][[timer]]" daemon [_thread_blocked, id=21519, stack(0x00007000011cd000,0x00007000012cd000)]
  0x00007f9a23101000 JavaThread "Service Thread" daemon [_thread_blocked, id=19459, stack(0x0000700000fc7000,0x00007000010c7000)]
  0x00007f9a2482e800 JavaThread "C1 CompilerThread2" daemon [_thread_blocked, id=18947, stack(0x0000700000ec4000,0x0000700000fc4000)]
  0x00007f9a2482e000 JavaThread "C2 CompilerThread1" daemon [_thread_blocked, id=18435, stack(0x0000700000dc1000,0x0000700000ec1000)]
  0x00007f9a23100000 JavaThread "C2 CompilerThread0" daemon [_thread_blocked, id=17923, stack(0x0000700000cbe000,0x0000700000dbe000)]
=>0x00007f9a24821000 JavaThread "Signal Dispatcher" daemon [_thread_in_vm, id=17411, stack(0x0000700000bbb000,0x0000700000cbb000)]
  0x00007f9a230ff800 JavaThread "Surrogate Locker Thread (Concurrent GC)" daemon [_thread_blocked, id=14603, stack(0x0000700000ab8000,0x0000700000bb8000)]
  0x00007f9a23098000 JavaThread "Finalizer" daemon [_thread_blocked, id=12803, stack(0x0000700000932000,0x0000700000a32000)]
  0x00007f9a24816800 JavaThread "Reference Handler" daemon [_thread_blocked, id=12291, stack(0x000070000082f000,0x000070000092f000)]

Other Threads:
  0x00007f9a2308c000 VMThread [stack: 0x000070000072c000,0x000070000082c000] [id=11779]
  0x00007f9a24034000 WatcherThread [stack: 0x00007000010ca000,0x00007000011ca000] [id=19971]

VM state:not at safepoint (normal execution)

VM Mutex/Monitor currently owned by a thread:  ([mutex/lock_event])
[0x00007f9a22d01690] SystemDictionary_lock - owner thread: 0x00007f9a24821000

Heap:
 par new generation   total 78656K, used 66190K [0x0000000780000000, 0x0000000785550000, 0x0000000794cc0000)
  eden space 69952K,  94% used [0x0000000780000000, 0x00000007840518f0, 0x0000000784450000)
  from space 8704K,   3% used [0x0000000784450000, 0x00000007844a2128, 0x0000000784cd0000)
  to   space 8704K,   0% used [0x0000000784cd0000, 0x0000000784cd0000, 0x0000000785550000)
 concurrent mark-sweep generation total 174784K, used 32479K [0x0000000794cc0000, 0x000000079f770000, 0x00000007c0000000)
 Metaspace       used 39143K, capacity 39684K, committed 40008K, reserved 1083392K
  class space    used 5010K, capacity 5109K, committed 5192K, reserved 1048576K

Card table byte_map: [0x000000011bf62000,0x000000011c163000] byte_map_base: 0x0000000118362000

Marking Bits: (CMSBitMap*) 0x00007f9a2303c948
 Bits: [0x000000011c6bd000, 0x000000011d18a000)

Mod Union Table: (CMSBitMap*) 0x00007f9a2303ca08
 Bits: [0x000000010b38f000, 0x000000010b3ba340)

Polling page: 0x000000010b37b000

CodeCache: size=245760Kb used=11511Kb max_used=11526Kb free=234248Kb
 bounds [0x000000010cba2000, 0x000000010d702000, 0x000000011bba2000]
 total_blobs=4432 nmethods=3870 adapters=474
 compilation: enabled

Compilation events (10 events):
Event: 13129.083 Thread 0x00007f9a23100000 4582       4       java.lang.StringBuilder::append (6 bytes)
Event: 13129.092 Thread 0x00007f9a23100000 nmethod 4582 0x000000010d6f0f10 code [0x000000010d6f1080, 0x000000010d6f1518]
Event: 13146.230 Thread 0x00007f9a2482e000 4583       4       org.elasticsearch.cluster.metadata.MetaData::index (12 bytes)
Event: 13146.247 Thread 0x00007f9a2482e000 nmethod 4583 0x000000010d6eb610 code [0x000000010d6eb780, 0x000000010d6ebbd8]
Event: 13339.245 Thread 0x00007f9a2482e000 4584       4       com.carrotsearch.hppc.ObjectObjectHashMap$ValuesIterator::fetch (5 bytes)
Event: 13339.249 Thread 0x00007f9a2482e000 nmethod 4584 0x000000010d6ec190 code [0x000000010d6ec300, 0x000000010d6ec558]
Event: 13399.290 Thread 0x00007f9a23100000 4585       4       com.carrotsearch.hppc.BitUtil::nextHighestPowerOfTwo (49 bytes)
Event: 13399.291 Thread 0x00007f9a23100000 nmethod 4585 0x000000010d10a0d0 code [0x000000010d10a200, 0x000000010d10a278]
Event: 14159.880 Thread 0x00007f9a23100000 4586 % !   4       java.util.concurrent.ThreadPoolExecutor::runWorker @ 21 (225 bytes)
Event: 14159.979 Thread 0x00007f9a23100000 nmethod 4586% 0x000000010d6f3fd0 code [0x000000010d6f4220, 0x000000010d6f4f00]

GC Heap History (10 events):
Event: 3401.460 GC heap before
{Heap before GC invocations=7 (full 1):
 par new generation   total 78656K, used 78656K [0x0000000780000000, 0x0000000785550000, 0x0000000794cc0000)
  eden space 69952K, 100% used [0x0000000780000000, 0x0000000784450000, 0x0000000784450000)
  from space 8704K, 100% used [0x0000000784cd0000, 0x0000000785550000, 0x0000000785550000)
  to   space 8704K,   0% used [0x0000000784450000, 0x0000000784450000, 0x0000000784cd0000)
 concurrent mark-sweep generation total 174784K, used 25842K [0x0000000794cc0000, 0x000000079f770000, 0x00000007c0000000)
 Metaspace       used 39007K, capacity 39492K, committed 39752K, reserved 1083392K
  class space    used 5010K, capacity 5109K, committed 5192K, reserved 1048576K
Event: 3401.486 GC heap after
Heap after GC invocations=8 (full 1):
 par new generation   total 78656K, used 4115K [0x0000000780000000, 0x0000000785550000, 0x0000000794cc0000)
  eden space 69952K,   0% used [0x0000000780000000, 0x0000000780000000, 0x0000000784450000)
  from space 8704K,  47% used [0x0000000784450000, 0x0000000784854d48, 0x0000000784cd0000)
  to   space 8704K,   0% used [0x0000000784cd0000, 0x0000000784cd0000, 0x0000000785550000)
 concurrent mark-sweep generation total 174784K, used 32479K [0x0000000794cc0000, 0x000000079f770000, 0x00000007c0000000)
 Metaspace       used 39007K, capacity 39492K, committed 39752K, reserved 1083392K
  class space    used 5010K, capacity 5109K, committed 5192K, reserved 1048576K
}
Event: 5623.199 GC heap before
{Heap before GC invocations=8 (full 1):
 par new generation   total 78656K, used 74067K [0x0000000780000000, 0x0000000785550000, 0x0000000794cc0000)
  eden space 69952K, 100% used [0x0000000780000000, 0x0000000784450000, 0x0000000784450000)
  from space 8704K,  47% used [0x0000000784450000, 0x0000000784854d48, 0x0000000784cd0000)
  to   space 8704K,   0% used [0x0000000784cd0000, 0x0000000784cd0000, 0x0000000785550000)
 concurrent mark-sweep generation total 174784K, used 32479K [0x0000000794cc0000, 0x000000079f770000, 0x00000007c0000000)
 Metaspace       used 39040K, capacity 39492K, committed 39752K, reserved 1083392K
  class space    used 5010K, capacity 5109K, committed 5192K, reserved 1048576K
Event: 5623.209 GC heap after
Heap after GC invocations=9 (full 1):
 par new generation   total 78656K, used 1048K [0x0000000780000000, 0x0000000785550000, 0x0000000794cc0000)
  eden space 69952K,   0% used [0x0000000780000000, 0x0000000780000000, 0x0000000784450000)
  from space 8704K,  12% used [0x0000000784cd0000, 0x0000000784dd63f8, 0x0000000785550000)
  to   space 8704K,   0% used [0x0000000784450000, 0x0000000784450000, 0x0000000784cd0000)
 concurrent mark-sweep generation total 174784K, used 32479K [0x0000000794cc0000, 0x000000079f770000, 0x00000007c0000000)
 Metaspace       used 39040K, capacity 39492K, committed 39752K, reserved 1083392K
  class space    used 5010K, capacity 5109K, committed 5192K, reserved 1048576K
}
Event: 7820.552 GC heap before
{Heap before GC invocations=9 (full 1):
 par new generation   total 78656K, used 71000K [0x0000000780000000, 0x0000000785550000, 0x0000000794cc0000)
  eden space 69952K, 100% used [0x0000000780000000, 0x0000000784450000, 0x0000000784450000)
  from space 8704K,  12% used [0x0000000784cd0000, 0x0000000784dd63f8, 0x0000000785550000)
  to   space 8704K,   0% used [0x0000000784450000, 0x0000000784450000, 0x0000000784cd0000)
 concurrent mark-sweep generation total 174784K, used 32479K [0x0000000794cc0000, 0x000000079f770000, 0x00000007c0000000)
 Metaspace       used 39106K, capacity 39556K, committed 40008K, reserved 1083392K
  class space    used 5010K, capacity 5109K, committed 5192K, reserved 1048576K
Event: 7820.565 GC heap after
Heap after GC invocations=10 (full 1):
 par new generation   total 78656K, used 384K [0x0000000780000000, 0x0000000785550000, 0x0000000794cc0000)
  eden space 69952K,   0% used [0x0000000780000000, 0x0000000780000000, 0x0000000784450000)
  from space 8704K,   4% used [0x0000000784450000, 0x00000007844b0080, 0x0000000784cd0000)
  to   space 8704K,   0% used [0x0000000784cd0000, 0x0000000784cd0000, 0x0000000785550000)
 concurrent mark-sweep generation total 174784K, used 32479K [0x0000000794cc0000, 0x000000079f770000, 0x00000007c0000000)
 Metaspace       used 39106K, capacity 39556K, committed 40008K, reserved 1083392K
  class space    used 5010K, capacity 5109K, committed 5192K, reserved 1048576K
}
Event: 10036.680 GC heap before
{Heap before GC invocations=10 (full 1):
 par new generation   total 78656K, used 70336K [0x0000000780000000, 0x0000000785550000, 0x0000000794cc0000)
  eden space 69952K, 100% used [0x0000000780000000, 0x0000000784450000, 0x0000000784450000)
  from space 8704K,   4% used [0x0000000784450000, 0x00000007844b0080, 0x0000000784cd0000)
  to   space 8704K,   0% used [0x0000000784cd0000, 0x0000000784cd0000, 0x0000000785550000)
 concurrent mark-sweep generation total 174784K, used 32479K [0x0000000794cc0000, 0x000000079f770000, 0x00000007c0000000)
 Metaspace       used 39107K, capacity 39556K, committed 40008K, reserved 1083392K
  class space    used 5010K, capacity 5109K, committed 5192K, reserved 1048576K
Event: 10036.693 GC heap after
Heap after GC invocations=11 (full 1):
 par new generation   total 78656K, used 289K [0x0000000780000000, 0x0000000785550000, 0x0000000794cc0000)
  eden space 69952K,   0% used [0x0000000780000000, 0x0000000780000000, 0x0000000784450000)
  from space 8704K,   3% used [0x0000000784cd0000, 0x0000000784d18648, 0x0000000785550000)
  to   space 8704K,   0% used [0x0000000784450000, 0x0000000784450000, 0x0000000784cd0000)
 concurrent mark-sweep generation total 174784K, used 32479K [0x0000000794cc0000, 0x000000079f770000, 0x00000007c0000000)
 Metaspace       used 39107K, capacity 39556K, committed 40008K, reserved 1083392K
  class space    used 5010K, capacity 5109K, committed 5192K, reserved 1048576K
}
Event: 12258.381 GC heap before
{Heap before GC invocations=11 (full 1):
 par new generation   total 78656K, used 70241K [0x0000000780000000, 0x0000000785550000, 0x0000000794cc0000)
  eden space 69952K, 100% used [0x0000000780000000, 0x0000000784450000, 0x0000000784450000)
  from space 8704K,   3% used [0x0000000784cd0000, 0x0000000784d18648, 0x0000000785550000)
  to   space 8704K,   0% used [0x0000000784450000, 0x0000000784450000, 0x0000000784cd0000)
 concurrent mark-sweep generation total 174784K, used 32479K [0x0000000794cc0000, 0x000000079f770000, 0x00000007c0000000)
 Metaspace       used 39142K, capacity 39684K, committed 40008K, reserved 1083392K
  class space    used 5010K, capacity 5109K, committed 5192K, reserved 1048576K
Event: 12258.394 GC heap after
Heap after GC invocations=12 (full 1):
 par new generation   total 78656K, used 328K [0x0000000780000000, 0x0000000785550000, 0x0000000794cc0000)
  eden space 69952K,   0% used [0x0000000780000000, 0x0000000780000000, 0x0000000784450000)
  from space 8704K,   3% used [0x0000000784450000, 0x00000007844a2128, 0x0000000784cd0000)
  to   space 8704K,   0% used [0x0000000784cd0000, 0x0000000784cd0000, 0x0000000785550000)
 concurrent mark-sweep generation total 174784K, used 32479K [0x0000000794cc0000, 0x000000079f770000, 0x00000007c0000000)
 Metaspace       used 39142K, capacity 39684K, committed 40008K, reserved 1083392K
  class space    used 5010K, capacity 5109K, committed 5192K, reserved 1048576K
}

Deoptimization events (10 events):
Event: 335.896 Thread 0x00007f9a243ae000 Uncommon trap: reason=unstable_if action=reinterpret pc=0x000000010d5b8c1c method=org.apache.lucene.index.IndexWriter.nrtIsCurrent(Lorg/apache/lucene/index/SegmentInfos;)Z @ 16
Event: 335.896 Thread 0x00007f9a243ae000 Uncommon trap: reason=unstable_if action=reinterpret pc=0x000000010d5bb8fc method=org.elasticsearch.index.engine.Engine.refreshNeeded()Z @ 17
Event: 335.897 Thread 0x00007f9a243ae000 Uncommon trap: reason=unstable_if action=reinterpret pc=0x000000010d4aaaec method=java.util.concurrent.ScheduledThreadPoolExecutor$DelayedWorkQueue.siftDown(ILjava/util/concurrent/RunnableScheduledFuture;)V @ 40
Event: 335.902 Thread 0x00007f9a26c11800 Uncommon trap: reason=unstable_if action=reinterpret pc=0x000000010d4375c4 method=org.apache.lucene.index.IndexReader.decRef()V @ 29
Event: 335.902 Thread 0x00007f9a23507000 Uncommon trap: reason=unstable_if action=reinterpret pc=0x000000010d4375c4 method=org.apache.lucene.index.IndexReader.decRef()V @ 29
Event: 338.819 Thread 0x00007f9a26d18800 Uncommon trap: reason=array_check action=maybe_recompile pc=0x000000010d5b4490 method=java.util.AbstractCollection.toArray([Ljava/lang/Object;)[Ljava/lang/Object; @ 119
Event: 338.821 Thread 0x00007f9a26d40800 Uncommon trap: reason=range_check action=make_not_entrant pc=0x000000010d1d95b0 method=sun.nio.fs.UnixDirectoryStream$UnixDirectoryIterator.isSelfOrParent([B)Z @ 2
Event: 609.257 Thread 0x00007f9a26d40800 Uncommon trap: reason=unstable_if action=reinterpret pc=0x000000010cd4c474 method=java.util.concurrent.locks.AbstractQueuedSynchronizer.doReleaseShared()V @ 69
Event: 1179.841 Thread 0x00007f9a24816800 Uncommon trap: reason=unstable_if action=reinterpret pc=0x000000010d06cb48 method=java.lang.ref.Reference.tryHandlePending(Z)Z @ 20
Event: 9045.916 Thread 0x00007f9a26d18800 Uncommon trap: reason=predicate action=maybe_recompile pc=0x000000010d670004 method=java.util.concurrent.ThreadPoolExecutor.runWorker(Ljava/util/concurrent/ThreadPoolExecutor$Worker;)V @ 21

Internal exceptions (10 events):
Event: 9.336 Thread 0x00007f9a2350f000 Exception <a 'sun/nio/fs/UnixException'> (0x00000007803aed18) thrown at [/Users/java_re/workspace/8-2-build-macosx-x86_64/jdk8u112/7935/hotspot/src/share/vm/prims/jni.cpp, line 709]
Event: 9.337 Thread 0x00007f9a2423a000 Exception <a 'sun/nio/fs/UnixException'> (0x0000000780342590) thrown at [/Users/java_re/workspace/8-2-build-macosx-x86_64/jdk8u112/7935/hotspot/src/share/vm/prims/jni.cpp, line 709]
Event: 9.337 Thread 0x00007f9a2350f000 Exception <a 'sun/nio/fs/UnixException'> (0x00000007803b27b0) thrown at [/Users/java_re/workspace/8-2-build-macosx-x86_64/jdk8u112/7935/hotspot/src/share/vm/prims/jni.cpp, line 709]
Event: 9.343 Thread 0x00007f9a2350f000 Exception <a 'sun/nio/fs/UnixException'> (0x00000007803da5b0) thrown at [/Users/java_re/workspace/8-2-build-macosx-x86_64/jdk8u112/7935/hotspot/src/share/vm/prims/jni.cpp, line 709]
Event: 9.345 Thread 0x00007f9a2350f000 Exception <a 'sun/nio/fs/UnixException'> (0x00000007803de048) thrown at [/Users/java_re/workspace/8-2-build-macosx-x86_64/jdk8u112/7935/hotspot/src/share/vm/prims/jni.cpp, line 709]
Event: 9.346 Thread 0x00007f9a2350f000 Exception <a 'sun/nio/fs/UnixException'> (0x00000007803e3050) thrown at [/Users/java_re/workspace/8-2-build-macosx-x86_64/jdk8u112/7935/hotspot/src/share/vm/prims/jni.cpp, line 709]
Event: 9.348 Thread 0x00007f9a2350f000 Exception <a 'sun/nio/fs/UnixException'> (0x00000007803e6ae8) thrown at [/Users/java_re/workspace/8-2-build-macosx-x86_64/jdk8u112/7935/hotspot/src/share/vm/prims/jni.cpp, line 709]
Event: 9.354 Thread 0x00007f9a2350f000 Exception <a 'sun/nio/fs/UnixException'> (0x000000078040d728) thrown at [/Users/java_re/workspace/8-2-build-macosx-x86_64/jdk8u112/7935/hotspot/src/share/vm/prims/jni.cpp, line 709]
Event: 9.355 Thread 0x00007f9a2350f000 Exception <a 'sun/nio/fs/UnixException'> (0x00000007804111c0) thrown at [/Users/java_re/workspace/8-2-build-macosx-x86_64/jdk8u112/7935/hotspot/src/share/vm/prims/jni.cpp, line 709]
Event: 38.381 Thread 0x00007f9a2782b800 Implicit null exception at 0x000000010cccefb5 to 0x000000010cccf375

Events (10 events):
Event: 10143.047 Thread 0x00007f9a2482e000 flushing nmethod 0x000000010d5148d0
Event: 10143.047 Thread 0x00007f9a2482e000 flushing nmethod 0x000000010d574250
Event: 10740.161 Thread 0x00007f9a23ce5800 DEOPT PACKING pc=0x000000010d5d8367 sp=0x0000700001ded550
Event: 10740.161 Thread 0x00007f9a23ce5800 DEOPT UNPACKING pc=0x000000010cbe9633 sp=0x0000700001ded358 mode 0
Event: 10962.230 Thread 0x00007f9a23608800 DEOPT PACKING pc=0x000000010d46cbf3 sp=0x000070000332c7a0
Event: 10962.230 Thread 0x00007f9a23608800 DEOPT UNPACKING pc=0x000000010cbe9633 sp=0x000070000332c560 mode 0
Event: 12258.380 Executing VM operation: GenCollectForAllocation
Event: 12258.394 Executing VM operation: GenCollectForAllocation done
Event: 13314.777 Thread 0x00007f9a25930800 DEOPT PACKING pc=0x000000010d5d8367 sp=0x0000700001ef0500
Event: 13314.777 Thread 0x00007f9a25930800 DEOPT UNPACKING pc=0x000000010cbe9633 sp=0x0000700001ef0308 mode 0


Dynamic libraries:
0x000000000a822000 	/System/Library/Frameworks/Cocoa.framework/Versions/A/Cocoa
0x000000000a822000 	/System/Library/Frameworks/Security.framework/Versions/A/Security
0x000000000a822000 	/System/Library/Frameworks/ApplicationServices.framework/Versions/A/ApplicationServices
0x000000000a822000 	/usr/lib/libz.1.dylib
0x000000000a822000 	/usr/lib/libSystem.B.dylib
0x000000000a822000 	/usr/lib/libobjc.A.dylib
0x000000000a822000 	/System/Library/Frameworks/CoreFoundation.framework/Versions/A/CoreFoundation
0x000000000a822000 	/System/Library/Frameworks/Foundation.framework/Versions/C/Foundation
0x000000000a822000 	/System/Library/Frameworks/AppKit.framework/Versions/C/AppKit
0x000000000a822000 	/System/Library/Frameworks/CoreData.framework/Versions/A/CoreData
0x000000000a822000 	/System/Library/PrivateFrameworks/RemoteViewServices.framework/Versions/A/RemoteViewServices
0x000000000a822000 	/System/Library/PrivateFrameworks/UIFoundation.framework/Versions/A/UIFoundation
0x000000000a822000 	/usr/lib/libScreenReader.dylib
0x000000000a822000 	/System/Library/Frameworks/Accelerate.framework/Versions/A/Accelerate
0x000000000a822000 	/System/Library/Frameworks/IOSurface.framework/Versions/A/IOSurface
0x000000000a822000 	/System/Library/Frameworks/AudioToolbox.framework/Versions/A/AudioToolbox
0x000000000a822000 	/System/Library/Frameworks/AudioUnit.framework/Versions/A/AudioUnit
0x000000000a822000 	/System/Library/PrivateFrameworks/DataDetectorsCore.framework/Versions/A/DataDetectorsCore
0x000000000a822000 	/System/Library/PrivateFrameworks/DesktopServicesPriv.framework/Versions/A/DesktopServicesPriv
0x000000000a822000 	/System/Library/Frameworks/Carbon.framework/Versions/A/Frameworks/HIToolbox.framework/Versions/A/HIToolbox
0x000000000a822000 	/System/Library/Frameworks/QuartzCore.framework/Versions/A/QuartzCore
0x000000000a822000 	/System/Library/Frameworks/Carbon.framework/Versions/A/Frameworks/SpeechRecognition.framework/Versions/A/SpeechRecognition
0x000000000a822000 	/usr/lib/libauto.dylib
0x000000000a822000 	/usr/lib/libicucore.A.dylib
0x000000000a822000 	/usr/lib/libxml2.2.dylib
0x000000000a822000 	/System/Library/PrivateFrameworks/CoreUI.framework/Versions/A/CoreUI
0x000000000a822000 	/System/Library/Frameworks/CoreAudio.framework/Versions/A/CoreAudio
0x000000000a822000 	/System/Library/Frameworks/DiskArbitration.framework/Versions/A/DiskArbitration
0x000000000a822000 	/usr/lib/liblangid.dylib
0x000000000a822000 	/System/Library/PrivateFrameworks/MultitouchSupport.framework/Versions/A/MultitouchSupport
0x000000000a822000 	/System/Library/Frameworks/IOKit.framework/Versions/A/IOKit
0x000000000a822000 	/usr/lib/libDiagnosticMessagesClient.dylib
0x000000000a822000 	/System/Library/Frameworks/CoreServices.framework/Versions/A/CoreServices
0x000000000a822000 	/System/Library/PrivateFrameworks/PerformanceAnalysis.framework/Versions/A/PerformanceAnalysis
0x000000000a822000 	/System/Library/PrivateFrameworks/GenerationalStorage.framework/Versions/A/GenerationalStorage
0x000000000a822000 	/System/Library/Frameworks/OpenGL.framework/Versions/A/OpenGL
0x000000000a822000 	/System/Library/PrivateFrameworks/Sharing.framework/Versions/A/Sharing
0x000000000a822000 	/System/Library/Frameworks/CoreGraphics.framework/Versions/A/CoreGraphics
0x000000000a822000 	/System/Library/Frameworks/CoreImage.framework/Versions/A/CoreImage
0x000000000a822000 	/System/Library/Frameworks/CoreText.framework/Versions/A/CoreText
0x000000000a822000 	/System/Library/Frameworks/ImageIO.framework/Versions/A/ImageIO
0x000000000a822000 	/System/Library/PrivateFrameworks/Backup.framework/Versions/A/Backup
0x000000000a822000 	/usr/lib/libextension.dylib
0x000000000a822000 	/usr/lib/libarchive.2.dylib
0x000000000a822000 	/System/Library/Frameworks/CFNetwork.framework/Versions/A/CFNetwork
0x000000000a822000 	/System/Library/Frameworks/SystemConfiguration.framework/Versions/A/SystemConfiguration
0x000000000a822000 	/usr/lib/libCRFSuite.dylib
0x000000000a822000 	/usr/lib/libc++.1.dylib
0x000000000a822000 	/usr/lib/libc++abi.dylib
0x000000000a822000 	/usr/lib/system/libcache.dylib
0x000000000a822000 	/usr/lib/system/libcommonCrypto.dylib
0x000000000a822000 	/usr/lib/system/libcompiler_rt.dylib
0x000000000a822000 	/usr/lib/system/libcopyfile.dylib
0x000000000a822000 	/usr/lib/system/libcorecrypto.dylib
0x000000000a822000 	/usr/lib/system/libdispatch.dylib
0x000000000a822000 	/usr/lib/system/libdyld.dylib
0x000000000a822000 	/usr/lib/system/libkeymgr.dylib
0x000000000a822000 	/usr/lib/system/liblaunch.dylib
0x000000000a822000 	/usr/lib/system/libmacho.dylib
0x000000000a822000 	/usr/lib/system/libquarantine.dylib
0x000000000a822000 	/usr/lib/system/libremovefile.dylib
0x000000000a822000 	/usr/lib/system/libsystem_asl.dylib
0x000000000a822000 	/usr/lib/system/libsystem_blocks.dylib
0x000000000a822000 	/usr/lib/system/libsystem_c.dylib
0x000000000a822000 	/usr/lib/system/libsystem_configuration.dylib
0x000000000a822000 	/usr/lib/system/libsystem_coreservices.dylib
0x000000000a822000 	/usr/lib/system/libsystem_coretls.dylib
0x000000000a822000 	/usr/lib/system/libsystem_dnssd.dylib
0x000000000a822000 	/usr/lib/system/libsystem_info.dylib
0x000000000a822000 	/usr/lib/system/libsystem_kernel.dylib
0x000000000a822000 	/usr/lib/system/libsystem_m.dylib
0x000000000a822000 	/usr/lib/system/libsystem_malloc.dylib
0x000000000a822000 	/usr/lib/system/libsystem_network.dylib
0x000000000a822000 	/usr/lib/system/libsystem_networkextension.dylib
0x000000000a822000 	/usr/lib/system/libsystem_notify.dylib
0x000000000a822000 	/usr/lib/system/libsystem_platform.dylib
0x000000000a822000 	/usr/lib/system/libsystem_pthread.dylib
0x000000000a822000 	/usr/lib/system/libsystem_sandbox.dylib
0x000000000a822000 	/usr/lib/system/libsystem_secinit.dylib
0x000000000a822000 	/usr/lib/system/libsystem_trace.dylib
0x000000000a822000 	/usr/lib/system/libunc.dylib
0x000000000a822000 	/usr/lib/system/libunwind.dylib
0x000000000a822000 	/usr/lib/system/libxpc.dylib
0x000000000a822000 	/usr/lib/libenergytrace.dylib
0x000000000a822000 	/usr/lib/libbsm.0.dylib
0x000000000a822000 	/usr/lib/system/libkxld.dylib
0x000000000a822000 	/usr/lib/libxar.1.dylib
0x000000000a822000 	/usr/lib/libsqlite3.dylib
0x000000000a822000 	/usr/lib/libpam.2.dylib
0x000000000a822000 	/usr/lib/libOpenScriptingUtil.dylib
0x000000000a822000 	/usr/lib/libbz2.1.0.dylib
0x000000000a822000 	/usr/lib/liblzma.5.dylib
0x000000000a822000 	/System/Library/Frameworks/CoreServices.framework/Versions/A/Frameworks/FSEvents.framework/Versions/A/FSEvents
0x000000000a822000 	/System/Library/Frameworks/CoreServices.framework/Versions/A/Frameworks/CarbonCore.framework/Versions/A/CarbonCore
0x000000000a822000 	/System/Library/Frameworks/CoreServices.framework/Versions/A/Frameworks/Metadata.framework/Versions/A/Metadata
0x000000000a822000 	/System/Library/Frameworks/CoreServices.framework/Versions/A/Frameworks/OSServices.framework/Versions/A/OSServices
0x000000000a822000 	/System/Library/Frameworks/CoreServices.framework/Versions/A/Frameworks/SearchKit.framework/Versions/A/SearchKit
0x000000000a822000 	/System/Library/Frameworks/CoreServices.framework/Versions/A/Frameworks/AE.framework/Versions/A/AE
0x000000000a822000 	/System/Library/Frameworks/CoreServices.framework/Versions/A/Frameworks/LaunchServices.framework/Versions/A/LaunchServices
0x000000000a822000 	/System/Library/Frameworks/CoreServices.framework/Versions/A/Frameworks/DictionaryServices.framework/Versions/A/DictionaryServices
0x000000000a822000 	/System/Library/Frameworks/CoreServices.framework/Versions/A/Frameworks/SharedFileList.framework/Versions/A/SharedFileList
0x000000000a822000 	/System/Library/Frameworks/NetFS.framework/Versions/A/NetFS
0x000000000a822000 	/System/Library/PrivateFrameworks/NetAuth.framework/Versions/A/NetAuth
0x000000000a822000 	/System/Library/PrivateFrameworks/login.framework/Versions/A/Frameworks/loginsupport.framework/Versions/A/loginsupport
0x000000000a822000 	/System/Library/PrivateFrameworks/TCC.framework/Versions/A/TCC
0x000000000a822000 	/usr/lib/libmecabra.dylib
0x000000000a822000 	/System/Library/Frameworks/ApplicationServices.framework/Versions/A/Frameworks/ATS.framework/Versions/A/ATS
0x000000000a822000 	/System/Library/Frameworks/ApplicationServices.framework/Versions/A/Frameworks/ColorSync.framework/Versions/A/ColorSync
0x000000000a822000 	/System/Library/Frameworks/ApplicationServices.framework/Versions/A/Frameworks/HIServices.framework/Versions/A/HIServices
0x000000000a822000 	/System/Library/Frameworks/ApplicationServices.framework/Versions/A/Frameworks/LangAnalysis.framework/Versions/A/LangAnalysis
0x000000000a822000 	/System/Library/Frameworks/ApplicationServices.framework/Versions/A/Frameworks/PrintCore.framework/Versions/A/PrintCore
0x000000000a822000 	/System/Library/Frameworks/ApplicationServices.framework/Versions/A/Frameworks/QD.framework/Versions/A/QD
0x000000000a822000 	/System/Library/Frameworks/ApplicationServices.framework/Versions/A/Frameworks/SpeechSynthesis.framework/Versions/A/SpeechSynthesis
0x000000000a822000 	/System/Library/Frameworks/Metal.framework/Versions/A/Metal
0x000000000a822000 	/System/Library/Frameworks/Accelerate.framework/Versions/A/Frameworks/vImage.framework/Versions/A/vImage
0x000000000a822000 	/System/Library/Frameworks/Accelerate.framework/Versions/A/Frameworks/vecLib.framework/Versions/A/vecLib
0x000000000a822000 	/System/Library/Frameworks/Accelerate.framework/Versions/A/Frameworks/vecLib.framework/Versions/A/libvDSP.dylib
0x000000000a822000 	/System/Library/Frameworks/Accelerate.framework/Versions/A/Frameworks/vecLib.framework/Versions/A/libvMisc.dylib
0x000000000a822000 	/System/Library/Frameworks/Accelerate.framework/Versions/A/Frameworks/vecLib.framework/Versions/A/libLAPACK.dylib
0x000000000a822000 	/System/Library/Frameworks/Accelerate.framework/Versions/A/Frameworks/vecLib.framework/Versions/A/libBLAS.dylib
0x000000000a822000 	/System/Library/Frameworks/Accelerate.framework/Versions/A/Frameworks/vecLib.framework/Versions/A/libLinearAlgebra.dylib
0x000000000a822000 	/System/Library/Frameworks/Accelerate.framework/Versions/A/Frameworks/vecLib.framework/Versions/A/libSparseBLAS.dylib
0x000000000a822000 	/System/Library/PrivateFrameworks/GPUCompiler.framework/libmetal_timestamp.dylib
0x000000000a822000 	/System/Library/Frameworks/OpenGL.framework/Versions/A/Libraries/libCoreFSCache.dylib
0x000000000a822000 	/System/Library/PrivateFrameworks/IOAccelerator.framework/Versions/A/IOAccelerator
0x000000000a822000 	/System/Library/Frameworks/ApplicationServices.framework/Versions/A/Frameworks/ATS.framework/Versions/A/Resources/libFontParser.dylib
0x000000000a822000 	/System/Library/Frameworks/ApplicationServices.framework/Versions/A/Frameworks/ATS.framework/Versions/A/Resources/libFontRegistry.dylib
0x000000000a822000 	/System/Library/PrivateFrameworks/AppleVPA.framework/Versions/A/AppleVPA
0x000000000a822000 	/System/Library/PrivateFrameworks/AppleJPEG.framework/Versions/A/AppleJPEG
0x000000000a822000 	/System/Library/Frameworks/ImageIO.framework/Versions/A/Resources/libJPEG.dylib
0x000000000a822000 	/System/Library/Frameworks/ImageIO.framework/Versions/A/Resources/libTIFF.dylib
0x000000000a822000 	/System/Library/Frameworks/ImageIO.framework/Versions/A/Resources/libPng.dylib
0x000000000a822000 	/System/Library/Frameworks/ImageIO.framework/Versions/A/Resources/libGIF.dylib
0x000000000a822000 	/System/Library/Frameworks/ImageIO.framework/Versions/A/Resources/libJP2.dylib
0x000000000a822000 	/System/Library/Frameworks/ImageIO.framework/Versions/A/Resources/libRadiance.dylib
0x000000000a822000 	/System/Library/Frameworks/CoreVideo.framework/Versions/A/CoreVideo
0x000000000a822000 	/System/Library/Frameworks/OpenGL.framework/Versions/A/Libraries/libGLU.dylib
0x000000000a822000 	/System/Library/Frameworks/OpenGL.framework/Versions/A/Libraries/libGFXShared.dylib
0x000000000a822000 	/System/Library/Frameworks/OpenGL.framework/Versions/A/Libraries/libGL.dylib
0x000000000a822000 	/System/Library/Frameworks/OpenGL.framework/Versions/A/Libraries/libGLImage.dylib
0x000000000a822000 	/System/Library/Frameworks/OpenGL.framework/Versions/A/Libraries/libCVMSPluginSupport.dylib
0x000000000a822000 	/System/Library/Frameworks/OpenGL.framework/Versions/A/Libraries/libCoreVMClient.dylib
0x000000000a822000 	/usr/lib/libcups.2.dylib
0x000000000a822000 	/System/Library/Frameworks/Kerberos.framework/Versions/A/Kerberos
0x000000000a822000 	/System/Library/Frameworks/GSS.framework/Versions/A/GSS
0x000000000a822000 	/usr/lib/libresolv.9.dylib
0x000000000a822000 	/usr/lib/libiconv.2.dylib
0x000000000a822000 	/System/Library/PrivateFrameworks/Heimdal.framework/Versions/A/Heimdal
0x000000000a822000 	/usr/lib/libheimdal-asn1.dylib
0x000000000a822000 	/System/Library/Frameworks/OpenDirectory.framework/Versions/A/OpenDirectory
0x000000000a822000 	/System/Library/PrivateFrameworks/CommonAuth.framework/Versions/A/CommonAuth
0x000000000a822000 	/System/Library/Frameworks/OpenDirectory.framework/Versions/A/Frameworks/CFOpenDirectory.framework/Versions/A/CFOpenDirectory
0x000000000a822000 	/System/Library/Frameworks/SecurityFoundation.framework/Versions/A/SecurityFoundation
0x000000000a822000 	/System/Library/PrivateFrameworks/LanguageModeling.framework/Versions/A/LanguageModeling
0x000000000a822000 	/usr/lib/libmarisa.dylib
0x000000000a822000 	/usr/lib/libChineseTokenizer.dylib
0x000000000a822000 	/usr/lib/libcmph.dylib
0x000000000a822000 	/usr/lib/libcompression.dylib
0x000000000a822000 	/System/Library/Frameworks/ServiceManagement.framework/Versions/A/ServiceManagement
0x000000000a822000 	/usr/lib/libxslt.1.dylib
0x000000000a822000 	/System/Library/Frameworks/Carbon.framework/Versions/A/Frameworks/Ink.framework/Versions/A/Ink
0x000000000a822000 	/usr/lib/libFosl_dynamic.dylib
0x000000000a822000 	/System/Library/PrivateFrameworks/FaceCore.framework/Versions/A/FaceCore
0x000000000a822000 	/System/Library/Frameworks/OpenCL.framework/Versions/A/OpenCL
0x000000000a822000 	/System/Library/PrivateFrameworks/CrashReporterSupport.framework/Versions/A/CrashReporterSupport
0x000000000a822000 	/System/Library/PrivateFrameworks/IconServices.framework/Versions/A/IconServices
0x000000000a822000 	/System/Library/PrivateFrameworks/Apple80211.framework/Versions/A/Apple80211
0x000000000a822000 	/System/Library/Frameworks/CoreWLAN.framework/Versions/A/CoreWLAN
0x000000000a822000 	/System/Library/Frameworks/IOBluetooth.framework/Versions/A/IOBluetooth
0x000000000a822000 	/System/Library/PrivateFrameworks/CoreWiFi.framework/Versions/A/CoreWiFi
0x000000000a822000 	/System/Library/Frameworks/CoreBluetooth.framework/Versions/A/CoreBluetooth
0x000000000a822000 	/System/Library/PrivateFrameworks/ChunkingLibrary.framework/Versions/A/ChunkingLibrary
0x000000000a822000 	/System/Library/PrivateFrameworks/DebugSymbols.framework/Versions/A/DebugSymbols
0x000000000a822000 	/System/Library/PrivateFrameworks/CoreSymbolication.framework/Versions/A/CoreSymbolication
0x000000000a822000 	/System/Library/PrivateFrameworks/Symbolication.framework/Versions/A/Symbolication
0x000000000a822000 	/System/Library/PrivateFrameworks/SpeechRecognitionCore.framework/Versions/A/SpeechRecognitionCore
0x00000000509e2000 	/System/Library/CoreServices/Encodings/libJapaneseConverter.dylib
0x000000010bc00000 	/Library/Java/JavaVirtualMachines/jdk1.8.0_112.jdk/Contents/Home/jre/lib/server/libjvm.dylib
0x000000000a822000 	/usr/lib/libstdc++.6.dylib
0x000000010b338000 	/Library/Java/JavaVirtualMachines/jdk1.8.0_112.jdk/Contents/Home/jre/lib/libverify.dylib
0x000000010b346000 	/Library/Java/JavaVirtualMachines/jdk1.8.0_112.jdk/Contents/Home/jre/lib/libjava.dylib
0x000000010b385000 	/Library/Java/JavaVirtualMachines/jdk1.8.0_112.jdk/Contents/Home/jre/lib/libzip.dylib
0x000000010b3e1000 	/System/Library/Frameworks/JavaVM.framework/Frameworks/JavaRuntimeSupport.framework/JavaRuntimeSupport
0x000000012017f000 	/System/Library/Frameworks/JavaVM.framework/Versions/A/Frameworks/JavaNativeFoundation.framework/Versions/A/JavaNativeFoundation
0x0000000120194000 	/System/Library/Frameworks/JavaVM.framework/Versions/A/JavaVM
0x000000000a822000 	/System/Library/Frameworks/Carbon.framework/Versions/A/Carbon
0x00000001201a1000 	/System/Library/PrivateFrameworks/JavaLaunching.framework/Versions/A/JavaLaunching
0x000000000a822000 	/System/Library/Frameworks/Carbon.framework/Versions/A/Frameworks/CommonPanels.framework/Versions/A/CommonPanels
0x000000000a822000 	/System/Library/Frameworks/Carbon.framework/Versions/A/Frameworks/Help.framework/Versions/A/Help
0x000000000a822000 	/System/Library/Frameworks/Carbon.framework/Versions/A/Frameworks/ImageCapture.framework/Versions/A/ImageCapture
0x000000000a822000 	/System/Library/Frameworks/Carbon.framework/Versions/A/Frameworks/OpenScripting.framework/Versions/A/OpenScripting
0x000000000a822000 	/System/Library/Frameworks/Carbon.framework/Versions/A/Frameworks/Print.framework/Versions/A/Print
0x000000000a822000 	/System/Library/Frameworks/Carbon.framework/Versions/A/Frameworks/SecurityHI.framework/Versions/A/SecurityHI
0x0000000121cc0000 	/Library/Java/JavaVirtualMachines/jdk1.8.0_112.jdk/Contents/Home/jre/lib/libnet.dylib
0x0000000121d24000 	/Library/Java/JavaVirtualMachines/jdk1.8.0_112.jdk/Contents/Home/jre/lib/libnio.dylib
0x00000001220fc000 	/Library/Java/JavaVirtualMachines/jdk1.8.0_112.jdk/Contents/Home/jre/lib/libmanagement.dylib
0x000000012210a000 	/private/var/folders/1q/fz9s50hj22l3_ncd_pqzk_rr0000gn/T/jna-1453722772/jna4607633896004875072.tmp
0x000000000a822000 	/usr/lib/libsandbox.1.dylib
0x000000000a822000 	/usr/lib/libMatch.1.dylib

VM Arguments:
jvm_args: -Xms256m -Xmx1g -Djava.awt.headless=true -XX:+UseParNewGC -XX:+UseConcMarkSweepGC -XX:CMSInitiatingOccupancyFraction=75 -XX:+UseCMSInitiatingOccupancyOnly -XX:+HeapDumpOnOutOfMemoryError -XX:+DisableExplicitGC -Dfile.encoding=UTF-8 -Djna.nosys=true -Des.path.home=/Users/Soichiro/Desktop/work/Rails/Escapism/vendor/elasticsearch-2.4.3 
java_command: org.elasticsearch.bootstrap.Elasticsearch start
java_class_path (initial): /Users/Soichiro/Desktop/work/Rails/Escapism/vendor/elasticsearch-2.4.3/lib/elasticsearch-2.4.3.jar:/Users/Soichiro/Desktop/work/Rails/Escapism/vendor/elasticsearch-2.4.3/lib/apache-log4j-extras-1.2.17.jar:/Users/Soichiro/Desktop/work/Rails/Escapism/vendor/elasticsearch-2.4.3/lib/commons-cli-1.3.1.jar:/Users/Soichiro/Desktop/work/Rails/Escapism/vendor/elasticsearch-2.4.3/lib/compiler-0.8.13.jar:/Users/Soichiro/Desktop/work/Rails/Escapism/vendor/elasticsearch-2.4.3/lib/compress-lzf-1.0.2.jar:/Users/Soichiro/Desktop/work/Rails/Escapism/vendor/elasticsearch-2.4.3/lib/elasticsearch-2.4.3.jar:/Users/Soichiro/Desktop/work/Rails/Escapism/vendor/elasticsearch-2.4.3/lib/guava-18.0.jar:/Users/Soichiro/Desktop/work/Rails/Escapism/vendor/elasticsearch-2.4.3/lib/HdrHistogram-2.1.6.jar:/Users/Soichiro/Desktop/work/Rails/Escapism/vendor/elasticsearch-2.4.3/lib/hppc-0.7.1.jar:/Users/Soichiro/Desktop/work/Rails/Escapism/vendor/elasticsearch-2.4.3/lib/jackson-core-2.8.1.jar:/Users/Soichiro/Desktop/work/Rails/Escapism/vendor/elasticsearch-2.4.3/lib/jackson-dataformat-cbor-2.8.1.jar:/Users/Soichiro/Desktop/work/Rails/Escapism/vendor/elasticsearch-2.4.3/lib/jackson-dataformat-smile-2.8.1.jar:/Users/Soichiro/Desktop/work/Rails/Escapism/vendor/elasticsearch-2.4.3/lib/jackson-dataformat-yaml-2.8.1.jar:/Users/Soichiro/Desktop/work/Rails/Escapism/vendor/elasticsearch-2.4.3/lib/jna-4.1.0.jar:/Users/Soichiro/Desktop/work/Rails/Escapism/vendor/elasticsearch-2.4.3/lib/joda-time-2.9.5.jar:/Users/Soichiro/Desktop/work/Rails/Escapism/vendor/elasticsearch-2.4.3/lib/jsr166e-1.1.0.jar:/Users/Soichiro/Desktop/work/Rails/Escapism/vendor/elasticsearch-2.4.3/lib/jts-1.13.jar:/Users/Soichiro/Desktop/work/Rails/Escapism/vendor/elasticsearch-2.4.3/lib/log4j-1.2.17.jar:/Users/Soichiro/Desktop/work/Rails/Escapism/vendor/elasticsearch-2.4.3/lib/lucene-analyzers-common-5.5.2.jar:/Users/Soichiro/Desktop/work/Rails/Escapism/vendor/elasticsearch-2.4.3/lib/lucene-backward-codecs-5.5.2.jar
Launcher Type: SUN_STANDARD

Environment Variables:
PATH=/Users/Soichiro/.pyenv/shims:/Users/Soichiro/.pyenv/bin:/usr/local/opt/mysql@5.6/bin:/Users/Soichiro/.local/bin/:/Users/Soichiro/local/script/bin:/Users/Soichiro/local/bin:/usr/local/heroku/bin:/Users/Soichiro/.nodebrew/current/bin:/usr/local/ghc-8.0.2/bin:/usr/local/sbin:/Users/Soichiro/.rbenv/shims:/Users/Soichiro/.rbenv/bin:/usr/local/bin:/usr/bin:/bin:/usr/sbin:/sbin:/Library/TeX/texbin:/Users/Soichiro/.pyenv/shims:/Users/Soichiro/.pyenv/bin:/usr/local/opt/mysql@5.6/bin:/Users/Soichiro/.local/bin/:/Users/Soichiro/local/script/bin:/Users/Soichiro/local/bin:/usr/local/heroku/bin:/Users/Soichiro/.nodebrew/current/bin:/usr/local/ghc-8.0.2/bin:/usr/local/sbin:/Users/Soichiro/.rbenv/shims:/Users/Soichiro/.rbenv/bin:/Users/Soichiro/go/bin::/Users/Soichiro/go/bin
SHELL=/bin/zsh

Signal Handlers:
SIGSEGV: [libjvm.dylib+0x5b11a5], sa_mask[0]=11111111011111110111111111111111, sa_flags=SA_ONSTACK|SA_RESTART|SA_SIGINFO
SIGBUS: [libjvm.dylib+0x5b11a5], sa_mask[0]=11111111011111110111111111111111, sa_flags=SA_RESTART|SA_SIGINFO
SIGFPE: [libjvm.dylib+0x487dc0], sa_mask[0]=11111111011111110111111111111111, sa_flags=SA_RESTART|SA_SIGINFO
SIGPIPE: [libjvm.dylib+0x487dc0], sa_mask[0]=11111111011111110111111111111111, sa_flags=SA_RESTART|SA_SIGINFO
SIGXFSZ: [libjvm.dylib+0x487dc0], sa_mask[0]=11111111011111110111111111111111, sa_flags=SA_RESTART|SA_SIGINFO
SIGILL: [libjvm.dylib+0x487dc0], sa_mask[0]=11111111011111110111111111111111, sa_flags=SA_RESTART|SA_SIGINFO
SIGUSR1: SIG_DFL, sa_mask[0]=00000000000000000000000000000000, sa_flags=SA_RESTART
SIGUSR2: [libjvm.dylib+0x4878de], sa_mask[0]=00000000000000000000000000000000, sa_flags=SA_RESTART|SA_SIGINFO
SIGHUP: [libjvm.dylib+0x485eb5], sa_mask[0]=11111111011111110111111111111111, sa_flags=SA_RESTART|SA_SIGINFO
SIGINT: [libjvm.dylib+0x485eb5], sa_mask[0]=11111111011111110111111111111111, sa_flags=SA_RESTART|SA_SIGINFO
SIGTERM: [libjvm.dylib+0x485eb5], sa_mask[0]=11111111011111110111111111111111, sa_flags=SA_RESTART|SA_SIGINFO
SIGQUIT: [libjvm.dylib+0x485eb5], sa_mask[0]=11111111011111110111111111111111, sa_flags=SA_RESTART|SA_SIGINFO


---------------  S Y S T E M  ---------------

OS:Bsduname:Darwin 15.4.0 Darwin Kernel Version 15.4.0: Fri Feb 26 22:08:05 PST 2016; root:xnu-3248.40.184~3/RELEASE_X86_64 x86_64
rlimit: STACK 8192k, CORE 0k, NPROC 0, NOFILE 10240, AS infinity
load average:104.29 63.95 32.93

CPU:total 4 (2 cores per cpu, 2 threads per core) family 6 model 69 stepping 1, cmov, cx8, fxsr, mmx, sse, sse2, sse3, ssse3, sse4.1, sse4.2, popcnt, avx, avx2, aes, clmul, erms, lzcnt, ht, tsc, tscinvbit, bmi1, bmi2

Memory: 4k page, physical 8388608k(35812k free)

/proc/meminfo:


vm_info: Java HotSpot(TM) 64-Bit Server VM (25.112-b16) for bsd-amd64 JRE (1.8.0_112-b16), built on Sep 30 2016 22:41:41 by "java_re" with gcc 4.2.1 (Based on Apple Inc. build 5658) (LLVM build 2336.11.00)

time: Sat Oct 14 12:52:06 2017
elapsed time: 14386 seconds (0d 3h 59m 46s)

